<?xml version="1.0" encoding="UTF-8"?>
<!-- Generated by org.testng.reporters.JUnitReportReporter -->
<testsuite skipped="0" hostname="Kubireddy.local" name="Mounika.EtEProject.StreamsWebtables" tests="1" failures="0" timestamp="18 Sep 2020 13:42:31 GMT" time="1.621" errors="0">
  <testcase name="webtable" time="1.621" classname="Mounika.EtEProject.StreamsWebtables"/>
</testsuite> <!-- Mounika.EtEProject.StreamsWebtables -->
