<?xml version="1.0" encoding="UTF-8"?>
<!-- Generated by org.testng.reporters.JUnitReportReporter -->
<testsuite skipped="0" hostname="Kubireddy.local" name="Mounika.EtEProject.ValidateNavigationbar" tests="1" failures="0" timestamp="22 Sep 2020 19:05:11 GMT" time="0.361" errors="0">
  <testcase name="navbarValidation" time="0.361" classname="Mounika.EtEProject.ValidateNavigationbar"/>
</testsuite> <!-- Mounika.EtEProject.ValidateNavigationbar -->
