<?xml version="1.0" encoding="UTF-8"?>
<!-- Generated by org.testng.reporters.JUnitReportReporter -->
<testsuite skipped="0" hostname="Kubireddy.local" name="Mounika.EtEProject.example" tests="1" failures="0" timestamp="10 Sep 2020 21:00:12 GMT" time="0.002" errors="0">
  <testcase name="mou" time="0.002" classname="Mounika.EtEProject.example"/>
</testsuite> <!-- Mounika.EtEProject.example -->
