<?xml version="1.0" encoding="UTF-8"?>
<!-- Generated by org.testng.reporters.JUnitReportReporter -->
<testsuite skipped="0" hostname="Kubireddy.local" name="cucumberOptions.TestRunner" tests="1" failures="0" timestamp="22 Sep 2020 17:41:17 GMT" time="41.202" errors="0">
  <testcase name="feature" time="41.202" classname="cucumberOptions.TestRunner"/>
</testsuite> <!-- cucumberOptions.TestRunner -->
