<?xml version="1.0" encoding="UTF-8"?>
<!-- Generated by org.testng.reporters.JUnitReportReporter -->
<testsuite skipped="0" hostname="Kubireddy.local" name="Mounika.EtEProject.HomePage" tests="2" failures="0" timestamp="22 Sep 2020 19:05:11 GMT" time="17.039" errors="0">
  <testcase name="basePageNavigation" time="4.123" classname="Mounika.EtEProject.HomePage"/>
  <testcase name="basePageNavigation" time="12.916" classname="Mounika.EtEProject.HomePage"/>
</testsuite> <!-- Mounika.EtEProject.HomePage -->
