<?xml version="1.0" encoding="UTF-8"?>
<!-- Generated by org.testng.reporters.JUnitReportReporter -->
<testsuite skipped="0" hostname="Kubireddy.local" name="Mounika.EtEProject.Demo" tests="1" failures="0" timestamp="22 Sep 2020 17:49:19 GMT" time="0.018" errors="0">
  <testcase name="init" time="0.018" classname="Mounika.EtEProject.Demo"/>
</testsuite> <!-- Mounika.EtEProject.Demo -->
