<?xml version="1.0" encoding="UTF-8"?>
<!-- Generated by org.testng.reporters.JUnitReportReporter -->
<testsuite skipped="0" hostname="Kubireddy.local" name="Mounika.EtEProject.ValidateTitle" tests="1" failures="0" timestamp="22 Sep 2020 19:05:11 GMT" time="2.218" errors="0">
  <testcase name="titleValidation" time="2.218" classname="Mounika.EtEProject.ValidateTitle"/>
</testsuite> <!-- Mounika.EtEProject.ValidateTitle -->
