<?xml version="1.0" encoding="UTF-8"?>
<!-- Generated by org.testng.reporters.JUnitReportReporter -->
<testsuite skipped="0" hostname="Kubireddy.local" name="Mounika.EtEProject.AppTest" tests="1" failures="0" timestamp="10 Sep 2020 21:00:12 GMT" time="0.011" errors="0">
  <testcase name="testApp" time="0.011" classname="Mounika.EtEProject.AppTest"/>
</testsuite> <!-- Mounika.EtEProject.AppTest -->
